This is pdfTeXk, Version 3.141592-1.40.3 (Web2C 7.5.6) (format=pdflatex 2008.11.3)  6 DEC 2008 17:18
entering extended mode
 %&-line parsing enabled.
**gradients
(./gradients.tex
LaTeX2e <2005/12/01>
Babel <v3.8h> and hyphenation patterns for english, usenglishmax, dumylang, noh
yphenation, arabic, farsi, croatian, ukrainian, russian, bulgarian, czech, slov
ak, danish, dutch, finnish, basque, french, german, ngerman, ibycus, greek, mon
ogreek, ancientgreek, hungarian, italian, latin, mongolian, norsk, icelandic, i
nterlingua, turkish, coptic, romanian, welsh, serbian, slovenian, estonian, esp
eranto, uppersorbian, indonesian, polish, portuguese, spanish, catalan, galicia
n, swedish, ukenglish, loaded.
(/usr/share/texmf-texlive/tex/latex/base/article.cls
Document Class: article 2005/09/16 v1.4f Standard LaTeX document class
(/usr/share/texmf-texlive/tex/latex/base/size10.clo
File: size10.clo 2005/09/16 v1.4f Standard LaTeX file (size option)
)
\c@part=\count79
\c@section=\count80
\c@subsection=\count81
\c@subsubsection=\count82
\c@paragraph=\count83
\c@subparagraph=\count84
\c@figure=\count85
\c@table=\count86
\abovecaptionskip=\skip41
\belowcaptionskip=\skip42
\bibindent=\dimen102
)
(/usr/share/texmf-texlive/tex/latex/amsmath/amsmath.sty
Package: amsmath 2000/07/18 v2.13 AMS math features
\@mathmargin=\skip43

For additional information on amsmath, use the `?' option.
(/usr/share/texmf-texlive/tex/latex/amsmath/amstext.sty
Package: amstext 2000/06/29 v2.01

(/usr/share/texmf-texlive/tex/latex/amsmath/amsgen.sty
File: amsgen.sty 1999/11/30 v2.0
\@emptytoks=\toks14
\ex@=\dimen103
))
(/usr/share/texmf-texlive/tex/latex/amsmath/amsbsy.sty
Package: amsbsy 1999/11/29 v1.2d
\pmbraise@=\dimen104
)
(/usr/share/texmf-texlive/tex/latex/amsmath/amsopn.sty
Package: amsopn 1999/12/14 v2.01 operator names
)
\inf@bad=\count87
LaTeX Info: Redefining \frac on input line 211.
\uproot@=\count88
\leftroot@=\count89
LaTeX Info: Redefining \overline on input line 307.
\classnum@=\count90
\DOTSCASE@=\count91
LaTeX Info: Redefining \ldots on input line 379.
LaTeX Info: Redefining \dots on input line 382.
LaTeX Info: Redefining \cdots on input line 467.
\Mathstrutbox@=\box26
\strutbox@=\box27
\big@size=\dimen105
LaTeX Font Info:    Redeclaring font encoding OML on input line 567.
LaTeX Font Info:    Redeclaring font encoding OMS on input line 568.
\macc@depth=\count92
\c@MaxMatrixCols=\count93
\dotsspace@=\muskip10
\c@parentequation=\count94
\dspbrk@lvl=\count95
\tag@help=\toks15
\row@=\count96
\column@=\count97
\maxfields@=\count98
\andhelp@=\toks16
\eqnshift@=\dimen106
\alignsep@=\dimen107
\tagshift@=\dimen108
\tagwidth@=\dimen109
\totwidth@=\dimen110
\lineht@=\dimen111
\@envbody=\toks17
\multlinegap=\skip44
\multlinetaggap=\skip45
\mathdisplay@stack=\toks18
LaTeX Info: Redefining \[ on input line 2666.
LaTeX Info: Redefining \] on input line 2667.
)
(/usr/share/texmf-texlive/tex/latex/amsfonts/amssymb.sty
Package: amssymb 2002/01/22 v2.2d

(/usr/share/texmf-texlive/tex/latex/amsfonts/amsfonts.sty
Package: amsfonts 2001/10/25 v2.2f
\symAMSa=\mathgroup4
\symAMSb=\mathgroup5
LaTeX Font Info:    Overwriting math alphabet `\mathfrak' in version `bold'
(Font)                  U/euf/m/n --> U/euf/b/n on input line 132.
)) (./gradients.aux)
\openout1 = `gradients.aux'.

LaTeX Font Info:    Checking defaults for OML/cmm/m/it on input line 3.
LaTeX Font Info:    ... okay on input line 3.
LaTeX Font Info:    Checking defaults for T1/cmr/m/n on input line 3.
LaTeX Font Info:    ... okay on input line 3.
LaTeX Font Info:    Checking defaults for OT1/cmr/m/n on input line 3.
LaTeX Font Info:    ... okay on input line 3.
LaTeX Font Info:    Checking defaults for OMS/cmsy/m/n on input line 3.
LaTeX Font Info:    ... okay on input line 3.
LaTeX Font Info:    Checking defaults for OMX/cmex/m/n on input line 3.
LaTeX Font Info:    ... okay on input line 3.
LaTeX Font Info:    Checking defaults for U/cmr/m/n on input line 3.
LaTeX Font Info:    ... okay on input line 3.
LaTeX Font Info:    Try loading font information for U+msa on input line 5.

(/usr/share/texmf-texlive/tex/latex/amsfonts/umsa.fd
File: umsa.fd 2002/01/19 v2.2g AMS font definitions
)
LaTeX Font Info:    Try loading font information for U+msb on input line 5.

(/usr/share/texmf-texlive/tex/latex/amsfonts/umsb.fd
File: umsb.fd 2002/01/19 v2.2g AMS font definitions
)
Overfull \hbox (14352.85867pt too wide) detected at line 15
\OMS/cmsy/m/n/10 5[][] []
 []


Overfull \hbox (14352.85867pt too wide) detected at line 27
\OMS/cmsy/m/n/10 5[][] []
 []


Overfull \hbox (11829.80182pt too wide) detected at line 29
[] \OT1/cmr/m/n/10 = \OML/cmm/m/it/10 h[]\OT1/cmr/m/n/10 (\OML/cmm/m/it/10 r[] 
[]\OT1/cmr/m/n/10 ((\OML/cmm/m/it/10 ^^R[]\OT1/cmr/m/n/10 )[]) \OMS/cmsy/m/n/10
 ^^@ \OT1/cmr/m/n/10 2\OML/cmm/m/it/10 r[]=\OT1/cmr/m/n/10 (1 + (\OML/cmm/m/it/
10 ^^[\OT1/cmr/m/n/10 ((\OMS/cmsy/m/n/10 ^^@\OT1/cmr/m/n/10 2\OML/cmm/m/it/10 r
[]r[] []\OT1/cmr/m/n/10 ((\OML/cmm/m/it/10 ^^R[]\OT1/cmr/m/n/10 )[]) + 2\OML/cm
m/m/it/10 r[]r[] []\OT1/cmr/m/n/10 (\OML/cmm/m/it/10 ^^R[]\OT1/cmr/m/n/10 ))[] 
+ (\OMS/cmsy/m/n/10 ^^@\OT1/cmr/m/n/10 2\OML/cmm/m/it/10 r[]r[] []\OT1/cmr/m/n/
10 ((\OML/cmm/m/it/10 ^^R[]\OT1/cmr/m/n/10 )[]) + 2\OML/cmm/m/it/10 r[]r[] []\O
T1/cmr/m/n/10 (\OML/cmm/m/it/10 ^^R[]\OT1/cmr/m/n/10 ))[] \OMS/cmsy/m/n/10 ^^@ 
\OT1/cmr/m/n/10 (\OML/cmm/m/it/10 r[] \OT1/cmr/m/n/10 + \OML/cmm/m/it/10 r[] \O
T1/cmr/m/n/10 + \OML/cmm/m/it/10 r[] \OMS/cmsy/m/n/10 ^^@ \OML/cmm/m/it/10 r[] 
\OMS/cmsy/m/n/10 ^^@ \OT1/cmr/m/n/10 2\OML/cmm/m/it/10 r[]r[] []\OT1/cmr/m/n/10
 (\OML/cmm/m/it/10 ^^R[]\OT1/cmr/m/n/10 ) []((\OML/cmm/m/it/10 ^^R[]\OT1/cmr/m/
n/10 )[]) [](\OML/cmm/m/it/10 ^^R[]\OT1/cmr/m/n/10 ) []((\OML/cmm/m/it/10 ^^R[]
\OT1/cmr/m/n/10 )[]))[])[]\OML/cmm/m/it/10 :\OT1/cmr/m/n/10 5 \OMS/cmsy/m/n/10 
^^@ \OT1/cmr/m/n/10 2\OML/cmm/m/it/10 r[]r[] []\OT1/cmr/m/n/10 (\OML/cmm/m/it/1
0 ^^R[]\OT1/cmr/m/n/10 ) + 2\OML/cmm/m/it/10 r[]r[] []\OT1/cmr/m/n/10 ((\OML/cm
m/m/it/10 ^^R[]\OT1/cmr/m/n/10 )[]))[](\OML/cmm/m/it/10 r[] \OT1/cmr/m/n/10 + \
OML/cmm/m/it/10 r[] \OT1/cmr/m/n/10 + \OML/cmm/m/it/10 r[] \OMS/cmsy/m/n/10 ^^@
 \OML/cmm/m/it/10 r[] \OMS/cmsy/m/n/10 ^^@ \OT1/cmr/m/n/10 2\OML/cmm/m/it/10 r[
]r[] []\OT1/cmr/m/n/10 (\OML/cmm/m/it/10 ^^R[]\OT1/cmr/m/n/10 ) + 2\OML/cmm/m/i
t/10 r[]r[] []\OT1/cmr/m/n/10 ((\OML/cmm/m/it/10 ^^R[]\OT1/cmr/m/n/10 )[]) \OMS
/cmsy/m/n/10 ^^@ \OT1/cmr/m/n/10 2\OML/cmm/m/it/10 r[]r[] []\OT1/cmr/m/n/10 (\O
ML/cmm/m/it/10 ^^R[]\OT1/cmr/m/n/10 ) []((\OML/cmm/m/it/10 ^^R[]\OT1/cmr/m/n/10
 )[]) [](\OML/cmm/m/it/10 ^^R[]\OT1/cmr/m/n/10 ) []((\OML/cmm/m/it/10 ^^R[]\OT1
/cmr/m/n/10 )[]))[] \OMS/cmsy/m/n/10 ^^@ \OT1/cmr/m/n/10 2))(1\OML/cmm/m/it/10 
=\OT1/cmr/m/n/10 (\OML/cmm/m/it/10 r[] \OT1/cmr/m/n/10 + \OML/cmm/m/it/10 r[] \
OT1/cmr/m/n/10 + \OML/cmm/m/it/10 r[] \OMS/cmsy/m/n/10 ^^@ \OML/cmm/m/it/10 r[]
 \OMS/cmsy/m/n/10 ^^@ \OT1/cmr/m/n/10 2\OML/cmm/m/it/10 r[]r[] []\OT1/cmr/m/n/1
0 (\OML/cmm/m/it/10 ^^R[]\OT1/cmr/m/n/10 ) + 2\OML/cmm/m/it/10 r[]r[] []\OT1/cm
r/m/n/10 ((\OML/cmm/m/it/10 ^^R[]\OT1/cmr/m/n/10 )[]) \OMS/cmsy/m/n/10 ^^@ \OT1
/cmr/m/n/10 2\OML/cmm/m/it/10 r[]r[] []\OT1/cmr/m/n/10 (\OML/cmm/m/it/10 ^^R[]\
OT1/cmr/m/n/10 ) []((\OML/cmm/m/it/10 ^^R[]\OT1/cmr/m/n/10 )[]) [](\OML/cmm/m/i
t/10 ^^R[]\OT1/cmr/m/n/10 ) []((\OML/cmm/m/it/10 ^^R[]\OT1/cmr/m/n/10 )[]))(\OM
L/cmm/m/it/10 ^^[\OT1/cmr/m/n/10 ((\OMS/cmsy/m/n/10 ^^@\OT1/cmr/m/n/10 2\OML/cm
m/m/it/10 r[]r[] []\OT1/cmr/m/n/10 ((\OML/cmm/m/it/10 ^^R[]\OT1/cmr/m/n/10 )[])
 + 2\OML/cmm/m/it/10 r[]r[] []\OT1/cmr/m/n/10 (\OML/cmm/m/it/10 ^^R[]\OT1/cmr/m
/n/10 ))[] + (\OMS/cmsy/m/n/10 ^^@\OT1/cmr/m/n/10 2\OML/cmm/m/it/10 r[]r[] []\O
T1/cmr/m/n/10 ((\OML/cmm/m/it/10 ^^R[]\OT1/cmr/m/n/10 )[]) + 2\OML/cmm/m/it/10 
r[]r[] []\OT1/cmr/m/n/10 (\OML/cmm/m/it/10 ^^R[]\OT1/cmr/m/n/10 ))[] \OMS/cmsy/
m/n/10 ^^@ \OT1/cmr/m/n/10 (\OML/cmm/m/it/10 r[] \OT1/cmr/m/n/10 + \OML/cmm/m/i
t/10 r[] \OT1/cmr/m/n/10 + \OML/cmm/m/it/10 r[] \OMS/cmsy/m/n/10 ^^@ \OML/cmm/m
/it/10 r[] \OMS/cmsy/m/n/10 ^^@ \OT1/cmr/m/n/10 2\OML/cmm/m/it/10 r[]r[] []\OT1
/cmr/m/n/10 (\OML/cmm/m/it/10 ^^R[]\OT1/cmr/m/n/10 ) []((\OML/cmm/m/it/10 ^^R[]
\OT1/cmr/m/n/10 )[]) [](\OML/cmm/m/it/10 ^^R[]\OT1/cmr/m/n/10 ) []((\OML/cmm/m/
it/10 ^^R[]\OT1/cmr/m/n/10 )[]))[])[]0\OML/cmm/m/it/10 :\OT1/cmr/m/n/10 5(\OMS/
cmsy/m/n/10 ^^@\OT1/cmr/m/n/10 0\OML/cmm/m/it/10 :\OT1/cmr/m/n/10 5(\OMS/cmsy/m
/n/10 ^^@\OT1/cmr/m/n/10 4\OML/cmm/m/it/10 r[]r[] []\OT1/cmr/m/n/10 ((\OML/cmm/
m/it/10 ^^R[]\OT1/cmr/m/n/10 )[])[] [](\OML/cmm/m/it/10 ^^R[]\OT1/cmr/m/n/10 ) 
[](\OML/cmm/m/it/10 ^^R[]\OT1/cmr/m/n/10 ) + 4\OML/cmm/m/it/10 r[]r[] []\OT1/cm
r/m/n/10 ((\OML/cmm/m/it/10 ^^R[]\OT1/cmr/m/n/10 )[])[] [](\OML/cmm/m/it/10 ^^R
[]\OT1/cmr/m/n/10 ) [](\OML/cmm/m/it/10 ^^R[]\OT1/cmr/m/n/10 ))(\OML/cmm/m/it/1
0 r[] \OT1/cmr/m/n/10 + \OML/cmm/m/it/10 r[] \OT1/cmr/m/n/10 + \OML/cmm/m/it/10
 r[] \OMS/cmsy/m/n/10 ^^@ \OML/cmm/m/it/10 r[] \OMS/cmsy/m/n/10 ^^@ \OT1/cmr/m/
n/10 2\OML/cmm/m/it/10 r[]r[] []\OT1/cmr/m/n/10 (\OML/cmm/m/it/10 ^^R[]\OT1/cmr
/m/n/10 ) []((\OML/cmm/m/it/10 ^^R[]\OT1/cmr/m/n/10 )[]) [](\OML/cmm/m/it/10 ^^
R[]\OT1/cmr/m/n/10 ) []((\OML/cmm/m/it/10 ^^R[]\OT1/cmr/m/n/10 )[])) \OMS/cmsy/
m/n/10 ^^@ \OT1/cmr/m/n/10 2\OML/cmm/m/it/10 r[]r[]\OT1/cmr/m/n/10 (\OMS/cmsy/m
/n/10 ^^@\OT1/cmr/m/n/10 2\OML/cmm/m/it/10 r[]r[] []\OT1/cmr/m/n/10 ((\OML/cmm/
m/it/10 ^^R[]\OT1/cmr/m/n/10 )[]) + 2\OML/cmm/m/it/10 r[]r[] []\OT1/cmr/m/n/10 
(\OML/cmm/m/it/10 ^^R[]\OT1/cmr/m/n/10 )) []((\OML/cmm/m/it/10 ^^R[]\OT1/cmr/m/
n/10 )[]) + 2\OML/cmm/m/it/10 r[]r[]\OT1/cmr/m/n/10 (\OMS/cmsy/m/n/10 ^^@\OT1/c
mr/m/n/10 2\OML/cmm/m/it/10 r[]r[] []\OT1/cmr/m/n/10 ((\OML/cmm/m/it/10 ^^R[]\O
T1/cmr/m/n/10 )[]) + 2\OML/cmm/m/it/10 r[]r[] []\OT1/cmr/m/n/10 (\OML/cmm/m/it/
10 ^^R[]\OT1/cmr/m/n/10 )) []((\OML/cmm/m/it/10 ^^R[]\OT1/cmr/m/n/10 )[])) + 2\
OML/cmm/m/it/10 r[]r[] []\OT1/cmr/m/n/10 ((\OML/cmm/m/it/10 ^^R[]\OT1/cmr/m/n/1
0 )[])) + (\OML/cmm/m/it/10 r[] \OT1/cmr/m/n/10 + \OML/cmm/m/it/10 r[] \OT1/cmr
/m/n/10 + \OML/cmm/m/it/10 r[] \OMS/cmsy/m/n/10 ^^@ \OML/cmm/m/it/10 r[] \OMS/c
msy/m/n/10 ^^@ \OT1/cmr/m/n/10 2\OML/cmm/m/it/10 r[]r[] []\OT1/cmr/m/n/10 (\OML
/cmm/m/it/10 ^^R[]\OT1/cmr/m/n/10 ) + 2\OML/cmm/m/it/10 r[]r[] []\OT1/cmr/m/n/1
0 ((\OML/cmm/m/it/10 ^^R[]\OT1/cmr/m/n/10 )[]) \OMS/cmsy/m/n/10 ^^@ \OT1/cmr/m/
n/10 2\OML/cmm/m/it/10 r[]r[] []\OT1/cmr/m/n/10 (\OML/cmm/m/it/10 ^^R[]\OT1/cmr
/m/n/10 ) []((\OML/cmm/m/it/10 ^^R[]\OT1/cmr/m/n/10 )[]) [](\OML/cmm/m/it/10 ^^
R[]\OT1/cmr/m/n/10 ) []((\OML/cmm/m/it/10 ^^R[]\OT1/cmr/m/n/10 )[]))[] \OMS/cms
y/m/n/10 ^^@ \OT1/cmr/m/n/10 2)(\OML/cmm/m/it/10 ^^[\OT1/cmr/m/n/10 ((\OMS/cmsy
/m/n/10 ^^@\OT1/cmr/m/n/10 2\OML/cmm/m/it/10 r[]r[] []\OT1/cmr/m/n/10 ((\OML/cm
m/m/it/10 ^^R[]\OT1/cmr/m/n/10 )[]) + 2\OML/cmm/m/it/10 r[]r[] []\OT1/cmr/m/n/1
0 (\OML/cmm/m/it/10 ^^R[]\OT1/cmr/m/n/10 ))[] + (\OMS/cmsy/m/n/10 ^^@\OT1/cmr/m
/n/10 2\OML/cmm/m/it/10 r[]r[] []\OT1/cmr/m/n/10 ((\OML/cmm/m/it/10 ^^R[]\OT1/c
mr/m/n/10 )[]) + 2\OML/cmm/m/it/10 r[]r[] []\OT1/cmr/m/n/10 (\OML/cmm/m/it/10 ^
^R[]\OT1/cmr/m/n/10 ))[] \OMS/cmsy/m/n/10 ^^@ \OT1/cmr/m/n/10 (\OML/cmm/m/it/10
 r[] \OT1/cmr/m/n/10 + \OML/cmm/m/it/10 r[] \OT1/cmr/m/n/10 + \OML/cmm/m/it/10 
r[] \OMS/cmsy/m/n/10 ^^@ \OML/cmm/m/it/10 r[] \OMS/cmsy/m/n/10 ^^@ \OT1/cmr/m/n
/10 2\OML/cmm/m/it/10 r[]r[] []\OT1/cmr/m/n/10 (\OML/cmm/m/it/10 ^^R[]\OT1/cmr/
m/n/10 ) []((\OML/cmm/m/it/10 ^^R[]\OT1/cmr/m/n/10 )[]) [](\OML/cmm/m/it/10 ^^R
[]\OT1/cmr/m/n/10 ) []((\OML/cmm/m/it/10 ^^R[]\OT1/cmr/m/n/10 )[]))[])[]\OML/cm
m/m/it/10 :\OT1/cmr/m/n/10 5 \OMS/cmsy/m/n/10 ^^@ \OT1/cmr/m/n/10 2\OML/cmm/m/i
t/10 r[]r[] []\OT1/cmr/m/n/10 (\OML/cmm/m/it/10 ^^R[]\OT1/cmr/m/n/10 ) + 2\OML/
cmm/m/it/10 r[]r[] []\OT1/cmr/m/n/10 ((\OML/cmm/m/it/10 ^^R[]\OT1/cmr/m/n/10 )[
]))(2\OML/cmm/m/it/10 r[]r[] []\OT1/cmr/m/n/10 ((\OML/cmm/m/it/10 ^^R[]\OT1/cmr
/m/n/10 )[]) \OMS/cmsy/m/n/10 ^^@ \OT1/cmr/m/n/10 2\OML/cmm/m/it/10 r[]r[] []\O
T1/cmr/m/n/10 ((\OML/cmm/m/it/10 ^^R[]\OT1/cmr/m/n/10 )[])[] [](\OML/cmm/m/it/1
0 ^^R[]\OT1/cmr/m/n/10 ) [](\OML/cmm/m/it/10 ^^R[]\OT1/cmr/m/n/10 ) + 2\OML/cmm
/m/it/10 r[]r[] []\OT1/cmr/m/n/10 ((\OML/cmm/m/it/10 ^^R[]\OT1/cmr/m/n/10 )[])[
] [](\OML/cmm/m/it/10 ^^R[]\OT1/cmr/m/n/10 ) [](\OML/cmm/m/it/10 ^^R[]\OT1/cmr/
m/n/10 ))) [](2\OML/cmm/m/it/10 atan\OT1/cmr/m/n/10 (1\OML/cmm/m/it/10 =\OT1/cm
r/m/n/10 (\OML/cmm/m/it/10 r[] \OT1/cmr/m/n/10 + \OML/cmm/m/it/10 r[] \OT1/cmr/
m/n/10 + \OML/cmm/m/it/10 r[] \OMS/cmsy/m/n/10 ^^@ \OML/cmm/m/it/10 r[] \OMS/cm
sy/m/n/10 ^^@ \OT1/cmr/m/n/10 2\OML/cmm/m/it/10 r[]r[] []\OT1/cmr/m/n/10 (\OML/
cmm/m/it/10 ^^R[]\OT1/cmr/m/n/10 ) + 2\OML/cmm/m/it/10 r[]r[] []\OT1/cmr/m/n/10
 ((\OML/cmm/m/it/10 ^^R[]\OT1/cmr/m/n/10 )[]) \OMS/cmsy/m/n/10 ^^@ \OT1/cmr/m/n
/10 2\OML/cmm/m/it/10 r[]r[] []\OT1/cmr/m/n/10 (\OML/cmm/m/it/10 ^^R[]\OT1/cmr/
m/n/10 ) []((\OML/cmm/m/it/10 ^^R[]\OT1/cmr/m/n/10 )[]) [](\OML/cmm/m/it/10 ^^R
[]\OT1/cmr/m/n/10 ) []((\OML/cmm/m/it/10 ^^R[]\OT1/cmr/m/n/10 )[]))(\OML/cmm/m/
it/10 ^^[\OT1/cmr/m/n/10 ((\OMS/cmsy/m/n/10 ^^@\OT1/cmr/m/n/10 2\OML/cmm/m/it/1
0 r[]r[] []\OT1/cmr/m/n/10 ((\OML/cmm/m/it/10 ^^R[]\OT1/cmr/m/n/10 )[]) + 2\OML
/cmm/m/it/10 r[]r[] []\OT1/cmr/m/n/10 (\OML/cmm/m/it/10 ^^R[]\OT1/cmr/m/n/10 ))
[] + (\OMS/cmsy/m/n/10 ^^@\OT1/cmr/m/n/10 2\OML/cmm/m/it/10 r[]r[] []\OT1/cmr/m
/n/10 ((\OML/cmm/m/it/10 ^^R[]\OT1/cmr/m/n/10 )[]) + 2\OML/cmm/m/it/10 r[]r[] [
]\OT1/cmr/m/n/10 (\OML/cmm/m/it/10 ^^R[]\OT1/cmr/m/n/10 ))[] \OMS/cmsy/m/n/10 ^
^@ \OT1/cmr/m/n/10 (\OML/cmm/m/it/10 r[] \OT1/cmr/m/n/10 + \OML/cmm/m/it/10 r[]
 \OT1/cmr/m/n/10 + \OML/cmm/m/it/10 r[] \OMS/cmsy/m/n/10 ^^@ \OML/cmm/m/it/10 r
[] \OMS/cmsy/m/n/10 ^^@ \OT1/cmr/m/n/10 2\OML/cmm/m/it/10 r[]r[] []\OT1/cmr/m/n
/10 (\OML/cmm/m/it/10 ^^R[]\OT1/cmr/m/n/10 ) []((\OML/cmm/m/it/10 ^^R[]\OT1/cmr
/m/n/10 )[]) [](\OML/cmm/m/it/10 ^^R[]\OT1/cmr/m/n/10 ) []((\OML/cmm/m/it/10 ^^
R[]\OT1/cmr/m/n/10 )[]))[])[]\OML/cmm/m/it/10 :\OT1/cmr/m/n/10 5 \OMS/cmsy/m/n/
10 ^^@ \OT1/cmr/m/n/10 2\OML/cmm/m/it/10 r[]r[] []\OT1/cmr/m/n/10 (\OML/cmm/m/i
t/10 ^^R[]\OT1/cmr/m/n/10 ) + 2\OML/cmm/m/it/10 r[]r[] []\OT1/cmr/m/n/10 ((\OML
/cmm/m/it/10 ^^R[]\OT1/cmr/m/n/10 )[]))))) \OMS/cmsy/m/n/10 ^^@ \OML/cmm/m/it/1
0 r[]\OT1/cmr/m/n/10 (1 \OMS/cmsy/m/n/10 ^^@ \OML/cmm/m/it/10 h[]\OT1/cmr/m/n/1
0 ) []((\OML/cmm/m/it/10 ^^R[]\OT1/cmr/m/n/10 )[]) \OMS/cmsy/m/n/10 ^^@ \OT1/cm
r/m/n/10 2\OML/cmm/m/it/10 h[]r[]=\OT1/cmr/m/n/10 (1 + (\OML/cmm/m/it/10 ^^[\OT
1/cmr/m/n/10 ((\OMS/cmsy/m/n/10 ^^@\OT1/cmr/m/n/10 2\OML/cmm/m/it/10 r[]r[] []\
OT1/cmr/m/n/10 ((\OML/cmm/m/it/10 ^^R[]\OT1/cmr/m/n/10 )[]) + 2\OML/cmm/m/it/10
 r[]r[] []\OT1/cmr/m/n/10 (\OML/cmm/m/it/10 ^^R[]\OT1/cmr/m/n/10 ))[] + (\OMS/c
msy/m/n/10 ^^@\OT1/cmr/m/n/10 2\OML/cmm/m/it/10 r[]r[] []\OT1/cmr/m/n/10 ((\OML
/cmm/m/it/10 ^^R[]\OT1/cmr/m/n/10 )[]) + 2\OML/cmm/m/it/10 r[]r[] []\OT1/cmr/m/
n/10 (\OML/cmm/m/it/10 ^^R[]\OT1/cmr/m/n/10 ))[] \OMS/cmsy/m/n/10 ^^@ \OT1/cmr/
m/n/10 (\OML/cmm/m/it/10 r[] \OT1/cmr/m/n/10 + \OML/cmm/m/it/10 r[] \OT1/cmr/m/
n/10 + \OML/cmm/m/it/10 r[] \OMS/cmsy/m/n/10 ^^@ \OML/cmm/m/it/10 r[] \OMS/cmsy
/m/n/10 ^^@ \OT1/cmr/m/n/10 2\OML/cmm/m/it/10 r[]r[] []\OT1/cmr/m/n/10 (\OML/cm
m/m/it/10 ^^R[]\OT1/cmr/m/n/10 ) []((\OML/cmm/m/it/10 ^^R[]\OT1/cmr/m/n/10 )[])
 [](\OML/cmm/m/it/10 ^^R[]\OT1/cmr/m/n/10 ) []((\OML/cmm/m/it/10 ^^R[]\OT1/cmr/
m/n/10 )[]))[])[]\OML/cmm/m/it/10 :\OT1/cmr/m/n/10 5 \OMS/cmsy/m/n/10 ^^@ \OT1/
cmr/m/n/10 2\OML/cmm/m/it/10 r[]r[] []\OT1/cmr/m/n/10 (\OML/cmm/m/it/10 ^^R[]\O
T1/cmr/m/n/10 ) + 2\OML/cmm/m/it/10 r[]r[] []\OT1/cmr/m/n/10 ((\OML/cmm/m/it/10
 ^^R[]\OT1/cmr/m/n/10 )[]))[](\OML/cmm/m/it/10 r[] \OT1/cmr/m/n/10 + \OML/cmm/m
/it/10 r[] \OT1/cmr/m/n/10 + \OML/cmm/m/it/10 r[] \OMS/cmsy/m/n/10 ^^@ \OML/cmm
/m/it/10 r[] \OMS/cmsy/m/n/10 ^^@ \OT1/cmr/m/n/10 2\OML/cmm/m/it/10 r[]r[] []\O
T1/cmr/m/n/10 (\OML/cmm/m/it/10 ^^R[]\OT1/cmr/m/n/10 ) + 2\OML/cmm/m/it/10 r[]r
[] []\OT1/cmr/m/n/10 ((\OML/cmm/m/it/10 ^^R[]\OT1/cmr/m/n/10 )[]) \OMS/cmsy/m/n
/10 ^^@ \OT1/cmr/m/n/10 2\OML/cmm/m/it/10 r[]r[] []\OT1/cmr/m/n/10 (\OML/cmm/m/
it/10 ^^R[]\OT1/cmr/m/n/10 ) []((\OML/cmm/m/it/10 ^^R[]\OT1/cmr/m/n/10 )[]) [](
\OML/cmm/m/it/10 ^^R[]\OT1/cmr/m/n/10 ) []((\OML/cmm/m/it/10 ^^R[]\OT1/cmr/m/n/
10 )[]))[] \OMS/cmsy/m/n/10 ^^@ \OT1/cmr/m/n/10 2))(1\OML/cmm/m/it/10 =\OT1/cmr
/m/n/10 (\OML/cmm/m/it/10 r[] \OT1/cmr/m/n/10 + \OML/cmm/m/it/10 r[] \OT1/cmr/m
/n/10 + \OML/cmm/m/it/10 r[] \OMS/cmsy/m/n/10 ^^@ \OML/cmm/m/it/10 r[] \OMS/cms
y/m/n/10 ^^@ \OT1/cmr/m/n/10 2\OML/cmm/m/it/10 r[]r[] []\OT1/cmr/m/n/10 (\OML/c
mm/m/it/10 ^^R[]\OT1/cmr/m/n/10 ) + 2\OML/cmm/m/it/10 r[]r[] []\OT1/cmr/m/n/10 
((\OML/cmm/m/it/10 ^^R[]\OT1/cmr/m/n/10 )[]) \OMS/cmsy/m/n/10 ^^@ \OT1/cmr/m/n/
10 2\OML/cmm/m/it/10 r[]r[] []\OT1/cmr/m/n/10 (\OML/cmm/m/it/10 ^^R[]\OT1/cmr/m
/n/10 ) []((\OML/cmm/m/it/10 ^^R[]\OT1/cmr/m/n/10 )[]) [](\OML/cmm/m/it/10 ^^R[
]\OT1/cmr/m/n/10 ) []((\OML/cmm/m/it/10 ^^R[]\OT1/cmr/m/n/10 )[]))(\OML/cmm/m/i
t/10 ^^[\OT1/cmr/m/n/10 ((\OMS/cmsy/m/n/10 ^^@\OT1/cmr/m/n/10 2\OML/cmm/m/it/10
 r[]r[] []\OT1/cmr/m/n/10 ((\OML/cmm/m/it/10 ^^R[]\OT1/cmr/m/n/10 )[]) + 2\OML/
cmm/m/it/10 r[]r[] []\OT1/cmr/m/n/10 (\OML/cmm/m/it/10 ^^R[]\OT1/cmr/m/n/10 ))[
] + (\OMS/cmsy/m/n/10 ^^@\OT1/cmr/m/n/10 2\OML/cmm/m/it/10 r[]r[] []\OT1/cmr/m/
n/10 ((\OML/cmm/m/it/10 ^^R[]\OT1/cmr/m/n/10 )[]) + 2\OML/cmm/m/it/10 r[]r[] []
\OT1/cmr/m/n/10 (\OML/cmm/m/it/10 ^^R[]\OT1/cmr/m/n/10 ))[] \OMS/cmsy/m/n/10 ^^
@ \OT1/cmr/m/n/10 (\OML/cmm/m/it/10 r[] \OT1/cmr/m/n/10 + \OML/cmm/m/it/10 r[] 
\OT1/cmr/m/n/10 + \OML/cmm/m/it/10 r[] \OMS/cmsy/m/n/10 ^^@ \OML/cmm/m/it/10 r[
] \OMS/cmsy/m/n/10 ^^@ \OT1/cmr/m/n/10 2\OML/cmm/m/it/10 r[]r[] []\OT1/cmr/m/n/
10 (\OML/cmm/m/it/10 ^^R[]\OT1/cmr/m/n/10 ) []((\OML/cmm/m/it/10 ^^R[]\OT1/cmr/
m/n/10 )[]) [](\OML/cmm/m/it/10 ^^R[]\OT1/cmr/m/n/10 ) []((\OML/cmm/m/it/10 ^^R
[]\OT1/cmr/m/n/10 )[]))[])[]0\OML/cmm/m/it/10 :\OT1/cmr/m/n/10 5(\OMS/cmsy/m/n/
10 ^^@\OT1/cmr/m/n/10 0\OML/cmm/m/it/10 :\OT1/cmr/m/n/10 5(\OMS/cmsy/m/n/10 ^^@
\OT1/cmr/m/n/10 4\OML/cmm/m/it/10 r[]r[] []\OT1/cmr/m/n/10 ((\OML/cmm/m/it/10 ^
^R[]\OT1/cmr/m/n/10 )[])[] [](\OML/cmm/m/it/10 ^^R[]\OT1/cmr/m/n/10 ) [](\OML/c
mm/m/it/10 ^^R[]\OT1/cmr/m/n/10 ) + 4\OML/cmm/m/it/10 r[]r[] []\OT1/cmr/m/n/10 
((\OML/cmm/m/it/10 ^^R[]\OT1/cmr/m/n/10 )[])[] [](\OML/cmm/m/it/10 ^^R[]\OT1/cm
r/m/n/10 ) [](\OML/cmm/m/it/10 ^^R[]\OT1/cmr/m/n/10 ))(\OML/cmm/m/it/10 r[] \OT
1/cmr/m/n/10 + \OML/cmm/m/it/10 r[] \OT1/cmr/m/n/10 + \OML/cmm/m/it/10 r[] \OMS
/cmsy/m/n/10 ^^@ \OML/cmm/m/it/10 r[] \OMS/cmsy/m/n/10 ^^@ \OT1/cmr/m/n/10 2\OM
L/cmm/m/it/10 r[]r[] []\OT1/cmr/m/n/10 (\OML/cmm/m/it/10 ^^R[]\OT1/cmr/m/n/10 )
 []((\OML/cmm/m/it/10 ^^R[]\OT1/cmr/m/n/10 )[]) [](\OML/cmm/m/it/10 ^^R[]\OT1/c
mr/m/n/10 ) []((\OML/cmm/m/it/10 ^^R[]\OT1/cmr/m/n/10 )[])) \OMS/cmsy/m/n/10 ^^
@ \OT1/cmr/m/n/10 2\OML/cmm/m/it/10 r[]r[]\OT1/cmr/m/n/10 (\OMS/cmsy/m/n/10 ^^@
\OT1/cmr/m/n/10 2\OML/cmm/m/it/10 r[]r[] []\OT1/cmr/m/n/10 ((\OML/cmm/m/it/10 ^
^R[]\OT1/cmr/m/n/10 )[]) + 2\OML/cmm/m/it/10 r[]r[] []\OT1/cmr/m/n/10 (\OML/cmm
/m/it/10 ^^R[]\OT1/cmr/m/n/10 )) []((\OML/cmm/m/it/10 ^^R[]\OT1/cmr/m/n/10 )[])
 + 2\OML/cmm/m/it/10 r[]r[]\OT1/cmr/m/n/10 (\OMS/cmsy/m/n/10 ^^@\OT1/cmr/m/n/10
 2\OML/cmm/m/it/10 r[]r[] []\OT1/cmr/m/n/10 ((\OML/cmm/m/it/10 ^^R[]\OT1/cmr/m/
n/10 )[]) + 2\OML/cmm/m/it/10 r[]r[] []\OT1/cmr/m/n/10 (\OML/cmm/m/it/10 ^^R[]\
OT1/cmr/m/n/10 )) []((\OML/cmm/m/it/10 ^^R[]\OT1/cmr/m/n/10 )[])) + 2\OML/cmm/m
/it/10 r[]r[] []\OT1/cmr/m/n/10 ((\OML/cmm/m/it/10 ^^R[]\OT1/cmr/m/n/10 )[])) +
 (\OML/cmm/m/it/10 r[] \OT1/cmr/m/n/10 + \OML/cmm/m/it/10 r[] \OT1/cmr/m/n/10 +
 \OML/cmm/m/it/10 r[] \OMS/cmsy/m/n/10 ^^@ \OML/cmm/m/it/10 r[] \OMS/cmsy/m/n/1
0 ^^@ \OT1/cmr/m/n/10 2\OML/cmm/m/it/10 r[]r[] []\OT1/cmr/m/n/10 (\OML/cmm/m/it
/10 ^^R[]\OT1/cmr/m/n/10 ) + 2\OML/cmm/m/it/10 r[]r[] []\OT1/cmr/m/n/10 ((\OML/
cmm/m/it/10 ^^R[]\OT1/cmr/m/n/10 )[]) \OMS/cmsy/m/n/10 ^^@ \OT1/cmr/m/n/10 2\OM
L/cmm/m/it/10 r[]r[] []\OT1/cmr/m/n/10 (\OML/cmm/m/it/10 ^^R[]\OT1/cmr/m/n/10 )
 []((\OML/cmm/m/it/10 ^^R[]\OT1/cmr/m/n/10 )[]) [](\OML/cmm/m/it/10 ^^R[]\OT1/c
mr/m/n/10 ) []((\OML/cmm/m/it/10 ^^R[]\OT1/cmr/m/n/10 )[]))[] \OMS/cmsy/m/n/10 
^^@ \OT1/cmr/m/n/10 2)(\OML/cmm/m/it/10 ^^[\OT1/cmr/m/n/10 ((\OMS/cmsy/m/n/10 ^
^@\OT1/cmr/m/n/10 2\OML/cmm/m/it/10 r[]r[] []\OT1/cmr/m/n/10 ((\OML/cmm/m/it/10
 ^^R[]\OT1/cmr/m/n/10 )[]) + 2\OML/cmm/m/it/10 r[]r[] []\OT1/cmr/m/n/10 (\OML/c
mm/m/it/10 ^^R[]\OT1/cmr/m/n/10 ))[] + (\OMS/cmsy/m/n/10 ^^@\OT1/cmr/m/n/10 2\O
ML/cmm/m/it/10 r[]r[] []\OT1/cmr/m/n/10 ((\OML/cmm/m/it/10 ^^R[]\OT1/cmr/m/n/10
 )[]) + 2\OML/cmm/m/it/10 r[]r[] []\OT1/cmr/m/n/10 (\OML/cmm/m/it/10 ^^R[]\OT1/
cmr/m/n/10 ))[] \OMS/cmsy/m/n/10 ^^@ \OT1/cmr/m/n/10 (\OML/cmm/m/it/10 r[] \OT1
/cmr/m/n/10 + \OML/cmm/m/it/10 r[] \OT1/cmr/m/n/10 + \OML/cmm/m/it/10 r[] \OMS/
cmsy/m/n/10 ^^@ \OML/cmm/m/it/10 r[] \OMS/cmsy/m/n/10 ^^@ \OT1/cmr/m/n/10 2\OML
/cmm/m/it/10 r[]r[] []\OT1/cmr/m/n/10 (\OML/cmm/m/it/10 ^^R[]\OT1/cmr/m/n/10 ) 
[]((\OML/cmm/m/it/10 ^^R[]\OT1/cmr/m/n/10 )[]) [](\OML/cmm/m/it/10 ^^R[]\OT1/cm
r/m/n/10 ) []((\OML/cmm/m/it/10 ^^R[]\OT1/cmr/m/n/10 )[]))[])[]\OML/cmm/m/it/10
 :\OT1/cmr/m/n/10 5 \OMS/cmsy/m/n/10 ^^@ \OT1/cmr/m/n/10 2\OML/cmm/m/it/10 r[]r
[] []\OT1/cmr/m/n/10 (\OML/cmm/m/it/10 ^^R[]\OT1/cmr/m/n/10 ) + 2\OML/cmm/m/it/
10 r[]r[] []\OT1/cmr/m/n/10 ((\OML/cmm/m/it/10 ^^R[]\OT1/cmr/m/n/10 )[]))(2\OML
/cmm/m/it/10 r[]r[] []\OT1/cmr/m/n/10 ((\OML/cmm/m/it/10 ^^R[]\OT1/cmr/m/n/10 )
[]) \OMS/cmsy/m/n/10 ^^@ \OT1/cmr/m/n/10 2\OML/cmm/m/it/10 r[]r[] []\OT1/cmr/m/
n/10 ((\OML/cmm/m/it/10 ^^R[]\OT1/cmr/m/n/10 )[])[] [](\OML/cmm/m/it/10 ^^R[]\O
T1/cmr/m/n/10 ) [](\OML/cmm/m/it/10 ^^R[]\OT1/cmr/m/n/10 ) + 2\OML/cmm/m/it/10 
r[]r[] []\OT1/cmr/m/n/10 ((\OML/cmm/m/it/10 ^^R[]\OT1/cmr/m/n/10 )[])[] [](\OML
/cmm/m/it/10 ^^R[]\OT1/cmr/m/n/10 ) [](\OML/cmm/m/it/10 ^^R[]\OT1/cmr/m/n/10 ))
) [](2\OML/cmm/m/it/10 atan\OT1/cmr/m/n/10 (1\OML/cmm/m/it/10 =\OT1/cmr/m/n/10 
(\OML/cmm/m/it/10 r[] \OT1/cmr/m/n/10 + \OML/cmm/m/it/10 r[] \OT1/cmr/m/n/10 + 
\OML/cmm/m/it/10 r[] \OMS/cmsy/m/n/10 ^^@ \OML/cmm/m/it/10 r[] \OMS/cmsy/m/n/10
 ^^@ \OT1/cmr/m/n/10 2\OML/cmm/m/it/10 r[]r[] []\OT1/cmr/m/n/10 (\OML/cmm/m/it/
10 ^^R[]\OT1/cmr/m/n/10 ) + 2\OML/cmm/m/it/10 r[]r[] []\OT1/cmr/m/n/10 ((\OML/c
mm/m/it/10 ^^R[]\OT1/cmr/m/n/10 )[]) \OMS/cmsy/m/n/10 ^^@ \OT1/cmr/m/n/10 2\OML
/cmm/m/it/10 r[]r[] []\OT1/cmr/m/n/10 (\OML/cmm/m/it/10 ^^R[]\OT1/cmr/m/n/10 ) 
[]((\OML/cmm/m/it/10 ^^R[]\OT1/cmr/m/n/10 )[]) [](\OML/cmm/m/it/10 ^^R[]\OT1/cm
r/m/n/10 ) []((\OML/cmm/m/it/10 ^^R[]\OT1/cmr/m/n/10 )[]))(\OML/cmm/m/it/10 ^^[
\OT1/cmr/m/n/10 ((\OMS/cmsy/m/n/10 ^^@\OT1/cmr/m/n/10 2\OML/cmm/m/it/10 r[]r[] 
[]\OT1/cmr/m/n/10 ((\OML/cmm/m/it/10 ^^R[]\OT1/cmr/m/n/10 )[]) + 2\OML/cmm/m/it
/10 r[]r[] []\OT1/cmr/m/n/10 (\OML/cmm/m/it/10 ^^R[]\OT1/cmr/m/n/10 ))[] + (\OM
S/cmsy/m/n/10 ^^@\OT1/cmr/m/n/10 2\OML/cmm/m/it/10 r[]r[] []\OT1/cmr/m/n/10 ((\
OML/cmm/m/it/10 ^^R[]\OT1/cmr/m/n/10 )[]) + 2\OML/cmm/m/it/10 r[]r[] []\OT1/cmr
/m/n/10 (\OML/cmm/m/it/10 ^^R[]\OT1/cmr/m/n/10 ))[] \OMS/cmsy/m/n/10 ^^@ \OT1/c
mr/m/n/10 (\OML/cmm/m/it/10 r[] \OT1/cmr/m/n/10 + \OML/cmm/m/it/10 r[] \OT1/cmr
/m/n/10 + \OML/cmm/m/it/10 r[] \OMS/cmsy/m/n/10 ^^@ \OML/cmm/m/it/10 r[] \OMS/c
msy/m/n/10 ^^@ \OT1/cmr/m/n/10 2\OML/cmm/m/it/10 r[]r[] []\OT1/cmr/m/n/10 (\OML
/cmm/m/it/10 ^^R[]\OT1/cmr/m/n/10 ) []((\OML/cmm/m/it/10 ^^R[]\OT1/cmr/m/n/10 )
[]) [](\OML/cmm/m/it/10 ^^R[]\OT1/cmr/m/n/10 ) []((\OML/cmm/m/it/10 ^^R[]\OT1/c
mr/m/n/10 )[]))[])[]\OML/cmm/m/it/10 :\OT1/cmr/m/n/10 5 \OMS/cmsy/m/n/10 ^^@ \O
T1/cmr/m/n/10 2\OML/cmm/m/it/10 r[]r[] []\OT1/cmr/m/n/10 (\OML/cmm/m/it/10 ^^R[
]\OT1/cmr/m/n/10 ) + 2\OML/cmm/m/it/10 r[]r[] []\OT1/cmr/m/n/10 ((\OML/cmm/m/it
/10 ^^R[]\OT1/cmr/m/n/10 )[]))))
 []


Overfull \hbox (11837.57962pt too wide) detected at line 31
[] \OT1/cmr/m/n/10 = \OML/cmm/m/it/10 h[]\OT1/cmr/m/n/10 (\OMS/cmsy/m/n/10 ^^@\
OML/cmm/m/it/10 r[] []\OT1/cmr/m/n/10 ((\OML/cmm/m/it/10 ^^R[]\OT1/cmr/m/n/10 )
[]) + 2\OML/cmm/m/it/10 r[]=\OT1/cmr/m/n/10 (1 + (\OML/cmm/m/it/10 ^^[\OT1/cmr/
m/n/10 ((\OMS/cmsy/m/n/10 ^^@\OT1/cmr/m/n/10 2\OML/cmm/m/it/10 r[]r[] []\OT1/cm
r/m/n/10 ((\OML/cmm/m/it/10 ^^R[]\OT1/cmr/m/n/10 )[]) + 2\OML/cmm/m/it/10 r[]r[
] []\OT1/cmr/m/n/10 (\OML/cmm/m/it/10 ^^R[]\OT1/cmr/m/n/10 ))[] + (\OMS/cmsy/m/
n/10 ^^@\OT1/cmr/m/n/10 2\OML/cmm/m/it/10 r[]r[] []\OT1/cmr/m/n/10 ((\OML/cmm/m
/it/10 ^^R[]\OT1/cmr/m/n/10 )[]) + 2\OML/cmm/m/it/10 r[]r[] []\OT1/cmr/m/n/10 (
\OML/cmm/m/it/10 ^^R[]\OT1/cmr/m/n/10 ))[] \OMS/cmsy/m/n/10 ^^@ \OT1/cmr/m/n/10
 (\OML/cmm/m/it/10 r[] \OT1/cmr/m/n/10 + \OML/cmm/m/it/10 r[] \OT1/cmr/m/n/10 +
 \OML/cmm/m/it/10 r[] \OMS/cmsy/m/n/10 ^^@ \OML/cmm/m/it/10 r[] \OMS/cmsy/m/n/1
0 ^^@ \OT1/cmr/m/n/10 2\OML/cmm/m/it/10 r[]r[] []\OT1/cmr/m/n/10 (\OML/cmm/m/it
/10 ^^R[]\OT1/cmr/m/n/10 ) []((\OML/cmm/m/it/10 ^^R[]\OT1/cmr/m/n/10 )[]) [](\O
ML/cmm/m/it/10 ^^R[]\OT1/cmr/m/n/10 ) []((\OML/cmm/m/it/10 ^^R[]\OT1/cmr/m/n/10
 )[]))[])[]\OML/cmm/m/it/10 :\OT1/cmr/m/n/10 5 \OMS/cmsy/m/n/10 ^^@ \OT1/cmr/m/
n/10 2\OML/cmm/m/it/10 r[]r[] []\OT1/cmr/m/n/10 (\OML/cmm/m/it/10 ^^R[]\OT1/cmr
/m/n/10 ) + 2\OML/cmm/m/it/10 r[]r[] []\OT1/cmr/m/n/10 ((\OML/cmm/m/it/10 ^^R[]
\OT1/cmr/m/n/10 )[]))[](\OML/cmm/m/it/10 r[] \OT1/cmr/m/n/10 + \OML/cmm/m/it/10
 r[] \OT1/cmr/m/n/10 + \OML/cmm/m/it/10 r[] \OMS/cmsy/m/n/10 ^^@ \OML/cmm/m/it/
10 r[] \OMS/cmsy/m/n/10 ^^@ \OT1/cmr/m/n/10 2\OML/cmm/m/it/10 r[]r[] []\OT1/cmr
/m/n/10 (\OML/cmm/m/it/10 ^^R[]\OT1/cmr/m/n/10 ) + 2\OML/cmm/m/it/10 r[]r[] []\
OT1/cmr/m/n/10 ((\OML/cmm/m/it/10 ^^R[]\OT1/cmr/m/n/10 )[]) \OMS/cmsy/m/n/10 ^^
@ \OT1/cmr/m/n/10 2\OML/cmm/m/it/10 r[]r[] []\OT1/cmr/m/n/10 (\OML/cmm/m/it/10 
^^R[]\OT1/cmr/m/n/10 ) []((\OML/cmm/m/it/10 ^^R[]\OT1/cmr/m/n/10 )[]) [](\OML/c
mm/m/it/10 ^^R[]\OT1/cmr/m/n/10 ) []((\OML/cmm/m/it/10 ^^R[]\OT1/cmr/m/n/10 )[]
))[] \OMS/cmsy/m/n/10 ^^@ \OT1/cmr/m/n/10 2))(1\OML/cmm/m/it/10 =\OT1/cmr/m/n/1
0 (\OML/cmm/m/it/10 r[] \OT1/cmr/m/n/10 + \OML/cmm/m/it/10 r[] \OT1/cmr/m/n/10 
+ \OML/cmm/m/it/10 r[] \OMS/cmsy/m/n/10 ^^@ \OML/cmm/m/it/10 r[] \OMS/cmsy/m/n/
10 ^^@ \OT1/cmr/m/n/10 2\OML/cmm/m/it/10 r[]r[] []\OT1/cmr/m/n/10 (\OML/cmm/m/i
t/10 ^^R[]\OT1/cmr/m/n/10 ) + 2\OML/cmm/m/it/10 r[]r[] []\OT1/cmr/m/n/10 ((\OML
/cmm/m/it/10 ^^R[]\OT1/cmr/m/n/10 )[]) \OMS/cmsy/m/n/10 ^^@ \OT1/cmr/m/n/10 2\O
ML/cmm/m/it/10 r[]r[] []\OT1/cmr/m/n/10 (\OML/cmm/m/it/10 ^^R[]\OT1/cmr/m/n/10 
) []((\OML/cmm/m/it/10 ^^R[]\OT1/cmr/m/n/10 )[]) [](\OML/cmm/m/it/10 ^^R[]\OT1/
cmr/m/n/10 ) []((\OML/cmm/m/it/10 ^^R[]\OT1/cmr/m/n/10 )[]))(\OML/cmm/m/it/10 ^
^[\OT1/cmr/m/n/10 ((\OMS/cmsy/m/n/10 ^^@\OT1/cmr/m/n/10 2\OML/cmm/m/it/10 r[]r[
] []\OT1/cmr/m/n/10 ((\OML/cmm/m/it/10 ^^R[]\OT1/cmr/m/n/10 )[]) + 2\OML/cmm/m/
it/10 r[]r[] []\OT1/cmr/m/n/10 (\OML/cmm/m/it/10 ^^R[]\OT1/cmr/m/n/10 ))[] + (\
OMS/cmsy/m/n/10 ^^@\OT1/cmr/m/n/10 2\OML/cmm/m/it/10 r[]r[] []\OT1/cmr/m/n/10 (
(\OML/cmm/m/it/10 ^^R[]\OT1/cmr/m/n/10 )[]) + 2\OML/cmm/m/it/10 r[]r[] []\OT1/c
mr/m/n/10 (\OML/cmm/m/it/10 ^^R[]\OT1/cmr/m/n/10 ))[] \OMS/cmsy/m/n/10 ^^@ \OT1
/cmr/m/n/10 (\OML/cmm/m/it/10 r[] \OT1/cmr/m/n/10 + \OML/cmm/m/it/10 r[] \OT1/c
mr/m/n/10 + \OML/cmm/m/it/10 r[] \OMS/cmsy/m/n/10 ^^@ \OML/cmm/m/it/10 r[] \OMS
/cmsy/m/n/10 ^^@ \OT1/cmr/m/n/10 2\OML/cmm/m/it/10 r[]r[] []\OT1/cmr/m/n/10 (\O
ML/cmm/m/it/10 ^^R[]\OT1/cmr/m/n/10 ) []((\OML/cmm/m/it/10 ^^R[]\OT1/cmr/m/n/10
 )[]) [](\OML/cmm/m/it/10 ^^R[]\OT1/cmr/m/n/10 ) []((\OML/cmm/m/it/10 ^^R[]\OT1
/cmr/m/n/10 )[]))[])[]0\OML/cmm/m/it/10 :\OT1/cmr/m/n/10 5(\OMS/cmsy/m/n/10 ^^@
\OT1/cmr/m/n/10 0\OML/cmm/m/it/10 :\OT1/cmr/m/n/10 5(\OMS/cmsy/m/n/10 ^^@\OT1/c
mr/m/n/10 4\OML/cmm/m/it/10 r[]r[] []\OT1/cmr/m/n/10 ((\OML/cmm/m/it/10 ^^R[]\O
T1/cmr/m/n/10 )[])[] [](\OML/cmm/m/it/10 ^^R[]\OT1/cmr/m/n/10 ) [](\OML/cmm/m/i
t/10 ^^R[]\OT1/cmr/m/n/10 ) + 4\OML/cmm/m/it/10 r[]r[] []\OT1/cmr/m/n/10 ((\OML
/cmm/m/it/10 ^^R[]\OT1/cmr/m/n/10 )[])[] [](\OML/cmm/m/it/10 ^^R[]\OT1/cmr/m/n/
10 ) [](\OML/cmm/m/it/10 ^^R[]\OT1/cmr/m/n/10 ))(\OML/cmm/m/it/10 r[] \OT1/cmr/
m/n/10 + \OML/cmm/m/it/10 r[] \OT1/cmr/m/n/10 + \OML/cmm/m/it/10 r[] \OMS/cmsy/
m/n/10 ^^@ \OML/cmm/m/it/10 r[] \OMS/cmsy/m/n/10 ^^@ \OT1/cmr/m/n/10 2\OML/cmm/
m/it/10 r[]r[] []\OT1/cmr/m/n/10 (\OML/cmm/m/it/10 ^^R[]\OT1/cmr/m/n/10 ) []((\
OML/cmm/m/it/10 ^^R[]\OT1/cmr/m/n/10 )[]) [](\OML/cmm/m/it/10 ^^R[]\OT1/cmr/m/n
/10 ) []((\OML/cmm/m/it/10 ^^R[]\OT1/cmr/m/n/10 )[])) \OMS/cmsy/m/n/10 ^^@ \OT1
/cmr/m/n/10 2\OML/cmm/m/it/10 r[]r[]\OT1/cmr/m/n/10 (\OMS/cmsy/m/n/10 ^^@\OT1/c
mr/m/n/10 2\OML/cmm/m/it/10 r[]r[] []\OT1/cmr/m/n/10 ((\OML/cmm/m/it/10 ^^R[]\O
T1/cmr/m/n/10 )[]) + 2\OML/cmm/m/it/10 r[]r[] []\OT1/cmr/m/n/10 (\OML/cmm/m/it/
10 ^^R[]\OT1/cmr/m/n/10 )) []((\OML/cmm/m/it/10 ^^R[]\OT1/cmr/m/n/10 )[]) + 2\O
ML/cmm/m/it/10 r[]r[]\OT1/cmr/m/n/10 (\OMS/cmsy/m/n/10 ^^@\OT1/cmr/m/n/10 2\OML
/cmm/m/it/10 r[]r[] []\OT1/cmr/m/n/10 ((\OML/cmm/m/it/10 ^^R[]\OT1/cmr/m/n/10 )
[]) + 2\OML/cmm/m/it/10 r[]r[] []\OT1/cmr/m/n/10 (\OML/cmm/m/it/10 ^^R[]\OT1/cm
r/m/n/10 )) []((\OML/cmm/m/it/10 ^^R[]\OT1/cmr/m/n/10 )[])) + 2\OML/cmm/m/it/10
 r[]r[] []\OT1/cmr/m/n/10 ((\OML/cmm/m/it/10 ^^R[]\OT1/cmr/m/n/10 )[])) + (\OML
/cmm/m/it/10 r[] \OT1/cmr/m/n/10 + \OML/cmm/m/it/10 r[] \OT1/cmr/m/n/10 + \OML/
cmm/m/it/10 r[] \OMS/cmsy/m/n/10 ^^@ \OML/cmm/m/it/10 r[] \OMS/cmsy/m/n/10 ^^@ 
\OT1/cmr/m/n/10 2\OML/cmm/m/it/10 r[]r[] []\OT1/cmr/m/n/10 (\OML/cmm/m/it/10 ^^
R[]\OT1/cmr/m/n/10 ) + 2\OML/cmm/m/it/10 r[]r[] []\OT1/cmr/m/n/10 ((\OML/cmm/m/
it/10 ^^R[]\OT1/cmr/m/n/10 )[]) \OMS/cmsy/m/n/10 ^^@ \OT1/cmr/m/n/10 2\OML/cmm/
m/it/10 r[]r[] []\OT1/cmr/m/n/10 (\OML/cmm/m/it/10 ^^R[]\OT1/cmr/m/n/10 ) []((\
OML/cmm/m/it/10 ^^R[]\OT1/cmr/m/n/10 )[]) [](\OML/cmm/m/it/10 ^^R[]\OT1/cmr/m/n
/10 ) []((\OML/cmm/m/it/10 ^^R[]\OT1/cmr/m/n/10 )[]))[] \OMS/cmsy/m/n/10 ^^@ \O
T1/cmr/m/n/10 2)(\OML/cmm/m/it/10 ^^[\OT1/cmr/m/n/10 ((\OMS/cmsy/m/n/10 ^^@\OT1
/cmr/m/n/10 2\OML/cmm/m/it/10 r[]r[] []\OT1/cmr/m/n/10 ((\OML/cmm/m/it/10 ^^R[]
\OT1/cmr/m/n/10 )[]) + 2\OML/cmm/m/it/10 r[]r[] []\OT1/cmr/m/n/10 (\OML/cmm/m/i
t/10 ^^R[]\OT1/cmr/m/n/10 ))[] + (\OMS/cmsy/m/n/10 ^^@\OT1/cmr/m/n/10 2\OML/cmm
/m/it/10 r[]r[] []\OT1/cmr/m/n/10 ((\OML/cmm/m/it/10 ^^R[]\OT1/cmr/m/n/10 )[]) 
+ 2\OML/cmm/m/it/10 r[]r[] []\OT1/cmr/m/n/10 (\OML/cmm/m/it/10 ^^R[]\OT1/cmr/m/
n/10 ))[] \OMS/cmsy/m/n/10 ^^@ \OT1/cmr/m/n/10 (\OML/cmm/m/it/10 r[] \OT1/cmr/m
/n/10 + \OML/cmm/m/it/10 r[] \OT1/cmr/m/n/10 + \OML/cmm/m/it/10 r[] \OMS/cmsy/m
/n/10 ^^@ \OML/cmm/m/it/10 r[] \OMS/cmsy/m/n/10 ^^@ \OT1/cmr/m/n/10 2\OML/cmm/m
/it/10 r[]r[] []\OT1/cmr/m/n/10 (\OML/cmm/m/it/10 ^^R[]\OT1/cmr/m/n/10 ) []((\O
ML/cmm/m/it/10 ^^R[]\OT1/cmr/m/n/10 )[]) [](\OML/cmm/m/it/10 ^^R[]\OT1/cmr/m/n/
10 ) []((\OML/cmm/m/it/10 ^^R[]\OT1/cmr/m/n/10 )[]))[])[]\OML/cmm/m/it/10 :\OT1
/cmr/m/n/10 5 \OMS/cmsy/m/n/10 ^^@ \OT1/cmr/m/n/10 2\OML/cmm/m/it/10 r[]r[] []\
OT1/cmr/m/n/10 (\OML/cmm/m/it/10 ^^R[]\OT1/cmr/m/n/10 ) + 2\OML/cmm/m/it/10 r[]
r[] []\OT1/cmr/m/n/10 ((\OML/cmm/m/it/10 ^^R[]\OT1/cmr/m/n/10 )[]))(2\OML/cmm/m
/it/10 r[]r[] []\OT1/cmr/m/n/10 ((\OML/cmm/m/it/10 ^^R[]\OT1/cmr/m/n/10 )[]) \O
MS/cmsy/m/n/10 ^^@ \OT1/cmr/m/n/10 2\OML/cmm/m/it/10 r[]r[] []\OT1/cmr/m/n/10 (
(\OML/cmm/m/it/10 ^^R[]\OT1/cmr/m/n/10 )[])[] [](\OML/cmm/m/it/10 ^^R[]\OT1/cmr
/m/n/10 ) [](\OML/cmm/m/it/10 ^^R[]\OT1/cmr/m/n/10 ) + 2\OML/cmm/m/it/10 r[]r[]
 []\OT1/cmr/m/n/10 ((\OML/cmm/m/it/10 ^^R[]\OT1/cmr/m/n/10 )[])[] [](\OML/cmm/m
/it/10 ^^R[]\OT1/cmr/m/n/10 ) [](\OML/cmm/m/it/10 ^^R[]\OT1/cmr/m/n/10 ))) [](2
\OML/cmm/m/it/10 atan\OT1/cmr/m/n/10 (1\OML/cmm/m/it/10 =\OT1/cmr/m/n/10 (\OML/
cmm/m/it/10 r[] \OT1/cmr/m/n/10 + \OML/cmm/m/it/10 r[] \OT1/cmr/m/n/10 + \OML/c
mm/m/it/10 r[] \OMS/cmsy/m/n/10 ^^@ \OML/cmm/m/it/10 r[] \OMS/cmsy/m/n/10 ^^@ \
OT1/cmr/m/n/10 2\OML/cmm/m/it/10 r[]r[] []\OT1/cmr/m/n/10 (\OML/cmm/m/it/10 ^^R
[]\OT1/cmr/m/n/10 ) + 2\OML/cmm/m/it/10 r[]r[] []\OT1/cmr/m/n/10 ((\OML/cmm/m/i
t/10 ^^R[]\OT1/cmr/m/n/10 )[]) \OMS/cmsy/m/n/10 ^^@ \OT1/cmr/m/n/10 2\OML/cmm/m
/it/10 r[]r[] []\OT1/cmr/m/n/10 (\OML/cmm/m/it/10 ^^R[]\OT1/cmr/m/n/10 ) []((\O
ML/cmm/m/it/10 ^^R[]\OT1/cmr/m/n/10 )[]) [](\OML/cmm/m/it/10 ^^R[]\OT1/cmr/m/n/
10 ) []((\OML/cmm/m/it/10 ^^R[]\OT1/cmr/m/n/10 )[]))(\OML/cmm/m/it/10 ^^[\OT1/c
mr/m/n/10 ((\OMS/cmsy/m/n/10 ^^@\OT1/cmr/m/n/10 2\OML/cmm/m/it/10 r[]r[] []\OT1
/cmr/m/n/10 ((\OML/cmm/m/it/10 ^^R[]\OT1/cmr/m/n/10 )[]) + 2\OML/cmm/m/it/10 r[
]r[] []\OT1/cmr/m/n/10 (\OML/cmm/m/it/10 ^^R[]\OT1/cmr/m/n/10 ))[] + (\OMS/cmsy
/m/n/10 ^^@\OT1/cmr/m/n/10 2\OML/cmm/m/it/10 r[]r[] []\OT1/cmr/m/n/10 ((\OML/cm
m/m/it/10 ^^R[]\OT1/cmr/m/n/10 )[]) + 2\OML/cmm/m/it/10 r[]r[] []\OT1/cmr/m/n/1
0 (\OML/cmm/m/it/10 ^^R[]\OT1/cmr/m/n/10 ))[] \OMS/cmsy/m/n/10 ^^@ \OT1/cmr/m/n
/10 (\OML/cmm/m/it/10 r[] \OT1/cmr/m/n/10 + \OML/cmm/m/it/10 r[] \OT1/cmr/m/n/1
0 + \OML/cmm/m/it/10 r[] \OMS/cmsy/m/n/10 ^^@ \OML/cmm/m/it/10 r[] \OMS/cmsy/m/
n/10 ^^@ \OT1/cmr/m/n/10 2\OML/cmm/m/it/10 r[]r[] []\OT1/cmr/m/n/10 (\OML/cmm/m
/it/10 ^^R[]\OT1/cmr/m/n/10 ) []((\OML/cmm/m/it/10 ^^R[]\OT1/cmr/m/n/10 )[]) []
(\OML/cmm/m/it/10 ^^R[]\OT1/cmr/m/n/10 ) []((\OML/cmm/m/it/10 ^^R[]\OT1/cmr/m/n
/10 )[]))[])[]\OML/cmm/m/it/10 :\OT1/cmr/m/n/10 5 \OMS/cmsy/m/n/10 ^^@ \OT1/cmr
/m/n/10 2\OML/cmm/m/it/10 r[]r[] []\OT1/cmr/m/n/10 (\OML/cmm/m/it/10 ^^R[]\OT1/
cmr/m/n/10 ) + 2\OML/cmm/m/it/10 r[]r[] []\OT1/cmr/m/n/10 ((\OML/cmm/m/it/10 ^^
R[]\OT1/cmr/m/n/10 )[]))))) + \OML/cmm/m/it/10 r[]\OT1/cmr/m/n/10 (1 \OMS/cmsy/
m/n/10 ^^@ \OML/cmm/m/it/10 h[]\OT1/cmr/m/n/10 ) []((\OML/cmm/m/it/10 ^^R[]\OT1
/cmr/m/n/10 )[]) + 2\OML/cmm/m/it/10 h[]r[]=\OT1/cmr/m/n/10 (1 + (\OML/cmm/m/it
/10 ^^[\OT1/cmr/m/n/10 ((\OMS/cmsy/m/n/10 ^^@\OT1/cmr/m/n/10 2\OML/cmm/m/it/10 
r[]r[] []\OT1/cmr/m/n/10 ((\OML/cmm/m/it/10 ^^R[]\OT1/cmr/m/n/10 )[]) + 2\OML/c
mm/m/it/10 r[]r[] []\OT1/cmr/m/n/10 (\OML/cmm/m/it/10 ^^R[]\OT1/cmr/m/n/10 ))[]
 + (\OMS/cmsy/m/n/10 ^^@\OT1/cmr/m/n/10 2\OML/cmm/m/it/10 r[]r[] []\OT1/cmr/m/n
/10 ((\OML/cmm/m/it/10 ^^R[]\OT1/cmr/m/n/10 )[]) + 2\OML/cmm/m/it/10 r[]r[] []\
OT1/cmr/m/n/10 (\OML/cmm/m/it/10 ^^R[]\OT1/cmr/m/n/10 ))[] \OMS/cmsy/m/n/10 ^^@
 \OT1/cmr/m/n/10 (\OML/cmm/m/it/10 r[] \OT1/cmr/m/n/10 + \OML/cmm/m/it/10 r[] \
OT1/cmr/m/n/10 + \OML/cmm/m/it/10 r[] \OMS/cmsy/m/n/10 ^^@ \OML/cmm/m/it/10 r[]
 \OMS/cmsy/m/n/10 ^^@ \OT1/cmr/m/n/10 2\OML/cmm/m/it/10 r[]r[] []\OT1/cmr/m/n/1
0 (\OML/cmm/m/it/10 ^^R[]\OT1/cmr/m/n/10 ) []((\OML/cmm/m/it/10 ^^R[]\OT1/cmr/m
/n/10 )[]) [](\OML/cmm/m/it/10 ^^R[]\OT1/cmr/m/n/10 ) []((\OML/cmm/m/it/10 ^^R[
]\OT1/cmr/m/n/10 )[]))[])[]\OML/cmm/m/it/10 :\OT1/cmr/m/n/10 5 \OMS/cmsy/m/n/10
 ^^@ \OT1/cmr/m/n/10 2\OML/cmm/m/it/10 r[]r[] []\OT1/cmr/m/n/10 (\OML/cmm/m/it/
10 ^^R[]\OT1/cmr/m/n/10 ) + 2\OML/cmm/m/it/10 r[]r[] []\OT1/cmr/m/n/10 ((\OML/c
mm/m/it/10 ^^R[]\OT1/cmr/m/n/10 )[]))[](\OML/cmm/m/it/10 r[] \OT1/cmr/m/n/10 + 
\OML/cmm/m/it/10 r[] \OT1/cmr/m/n/10 + \OML/cmm/m/it/10 r[] \OMS/cmsy/m/n/10 ^^
@ \OML/cmm/m/it/10 r[] \OMS/cmsy/m/n/10 ^^@ \OT1/cmr/m/n/10 2\OML/cmm/m/it/10 r
[]r[] []\OT1/cmr/m/n/10 (\OML/cmm/m/it/10 ^^R[]\OT1/cmr/m/n/10 ) + 2\OML/cmm/m/
it/10 r[]r[] []\OT1/cmr/m/n/10 ((\OML/cmm/m/it/10 ^^R[]\OT1/cmr/m/n/10 )[]) \OM
S/cmsy/m/n/10 ^^@ \OT1/cmr/m/n/10 2\OML/cmm/m/it/10 r[]r[] []\OT1/cmr/m/n/10 (\
OML/cmm/m/it/10 ^^R[]\OT1/cmr/m/n/10 ) []((\OML/cmm/m/it/10 ^^R[]\OT1/cmr/m/n/1
0 )[]) [](\OML/cmm/m/it/10 ^^R[]\OT1/cmr/m/n/10 ) []((\OML/cmm/m/it/10 ^^R[]\OT
1/cmr/m/n/10 )[]))[] \OMS/cmsy/m/n/10 ^^@ \OT1/cmr/m/n/10 2))(1\OML/cmm/m/it/10
 =\OT1/cmr/m/n/10 (\OML/cmm/m/it/10 r[] \OT1/cmr/m/n/10 + \OML/cmm/m/it/10 r[] 
\OT1/cmr/m/n/10 + \OML/cmm/m/it/10 r[] \OMS/cmsy/m/n/10 ^^@ \OML/cmm/m/it/10 r[
] \OMS/cmsy/m/n/10 ^^@ \OT1/cmr/m/n/10 2\OML/cmm/m/it/10 r[]r[] []\OT1/cmr/m/n/
10 (\OML/cmm/m/it/10 ^^R[]\OT1/cmr/m/n/10 ) + 2\OML/cmm/m/it/10 r[]r[] []\OT1/c
mr/m/n/10 ((\OML/cmm/m/it/10 ^^R[]\OT1/cmr/m/n/10 )[]) \OMS/cmsy/m/n/10 ^^@ \OT
1/cmr/m/n/10 2\OML/cmm/m/it/10 r[]r[] []\OT1/cmr/m/n/10 (\OML/cmm/m/it/10 ^^R[]
\OT1/cmr/m/n/10 ) []((\OML/cmm/m/it/10 ^^R[]\OT1/cmr/m/n/10 )[]) [](\OML/cmm/m/
it/10 ^^R[]\OT1/cmr/m/n/10 ) []((\OML/cmm/m/it/10 ^^R[]\OT1/cmr/m/n/10 )[]))(\O
ML/cmm/m/it/10 ^^[\OT1/cmr/m/n/10 ((\OMS/cmsy/m/n/10 ^^@\OT1/cmr/m/n/10 2\OML/c
mm/m/it/10 r[]r[] []\OT1/cmr/m/n/10 ((\OML/cmm/m/it/10 ^^R[]\OT1/cmr/m/n/10 )[]
) + 2\OML/cmm/m/it/10 r[]r[] []\OT1/cmr/m/n/10 (\OML/cmm/m/it/10 ^^R[]\OT1/cmr/
m/n/10 ))[] + (\OMS/cmsy/m/n/10 ^^@\OT1/cmr/m/n/10 2\OML/cmm/m/it/10 r[]r[] []\
OT1/cmr/m/n/10 ((\OML/cmm/m/it/10 ^^R[]\OT1/cmr/m/n/10 )[]) + 2\OML/cmm/m/it/10
 r[]r[] []\OT1/cmr/m/n/10 (\OML/cmm/m/it/10 ^^R[]\OT1/cmr/m/n/10 ))[] \OMS/cmsy
/m/n/10 ^^@ \OT1/cmr/m/n/10 (\OML/cmm/m/it/10 r[] \OT1/cmr/m/n/10 + \OML/cmm/m/
it/10 r[] \OT1/cmr/m/n/10 + \OML/cmm/m/it/10 r[] \OMS/cmsy/m/n/10 ^^@ \OML/cmm/
m/it/10 r[] \OMS/cmsy/m/n/10 ^^@ \OT1/cmr/m/n/10 2\OML/cmm/m/it/10 r[]r[] []\OT
1/cmr/m/n/10 (\OML/cmm/m/it/10 ^^R[]\OT1/cmr/m/n/10 ) []((\OML/cmm/m/it/10 ^^R[
]\OT1/cmr/m/n/10 )[]) [](\OML/cmm/m/it/10 ^^R[]\OT1/cmr/m/n/10 ) []((\OML/cmm/m
/it/10 ^^R[]\OT1/cmr/m/n/10 )[]))[])[]0\OML/cmm/m/it/10 :\OT1/cmr/m/n/10 5(\OMS
/cmsy/m/n/10 ^^@\OT1/cmr/m/n/10 0\OML/cmm/m/it/10 :\OT1/cmr/m/n/10 5(\OMS/cmsy/
m/n/10 ^^@\OT1/cmr/m/n/10 4\OML/cmm/m/it/10 r[]r[] []\OT1/cmr/m/n/10 ((\OML/cmm
/m/it/10 ^^R[]\OT1/cmr/m/n/10 )[])[] [](\OML/cmm/m/it/10 ^^R[]\OT1/cmr/m/n/10 )
 [](\OML/cmm/m/it/10 ^^R[]\OT1/cmr/m/n/10 ) + 4\OML/cmm/m/it/10 r[]r[] []\OT1/c
mr/m/n/10 ((\OML/cmm/m/it/10 ^^R[]\OT1/cmr/m/n/10 )[])[] [](\OML/cmm/m/it/10 ^^
R[]\OT1/cmr/m/n/10 ) [](\OML/cmm/m/it/10 ^^R[]\OT1/cmr/m/n/10 ))(\OML/cmm/m/it/
10 r[] \OT1/cmr/m/n/10 + \OML/cmm/m/it/10 r[] \OT1/cmr/m/n/10 + \OML/cmm/m/it/1
0 r[] \OMS/cmsy/m/n/10 ^^@ \OML/cmm/m/it/10 r[] \OMS/cmsy/m/n/10 ^^@ \OT1/cmr/m
/n/10 2\OML/cmm/m/it/10 r[]r[] []\OT1/cmr/m/n/10 (\OML/cmm/m/it/10 ^^R[]\OT1/cm
r/m/n/10 ) []((\OML/cmm/m/it/10 ^^R[]\OT1/cmr/m/n/10 )[]) [](\OML/cmm/m/it/10 ^
^R[]\OT1/cmr/m/n/10 ) []((\OML/cmm/m/it/10 ^^R[]\OT1/cmr/m/n/10 )[])) \OMS/cmsy
/m/n/10 ^^@ \OT1/cmr/m/n/10 2\OML/cmm/m/it/10 r[]r[]\OT1/cmr/m/n/10 (\OMS/cmsy/
m/n/10 ^^@\OT1/cmr/m/n/10 2\OML/cmm/m/it/10 r[]r[] []\OT1/cmr/m/n/10 ((\OML/cmm
/m/it/10 ^^R[]\OT1/cmr/m/n/10 )[]) + 2\OML/cmm/m/it/10 r[]r[] []\OT1/cmr/m/n/10
 (\OML/cmm/m/it/10 ^^R[]\OT1/cmr/m/n/10 )) []((\OML/cmm/m/it/10 ^^R[]\OT1/cmr/m
/n/10 )[]) + 2\OML/cmm/m/it/10 r[]r[]\OT1/cmr/m/n/10 (\OMS/cmsy/m/n/10 ^^@\OT1/
cmr/m/n/10 2\OML/cmm/m/it/10 r[]r[] []\OT1/cmr/m/n/10 ((\OML/cmm/m/it/10 ^^R[]\
OT1/cmr/m/n/10 )[]) + 2\OML/cmm/m/it/10 r[]r[] []\OT1/cmr/m/n/10 (\OML/cmm/m/it
/10 ^^R[]\OT1/cmr/m/n/10 )) []((\OML/cmm/m/it/10 ^^R[]\OT1/cmr/m/n/10 )[])) + 2
\OML/cmm/m/it/10 r[]r[] []\OT1/cmr/m/n/10 ((\OML/cmm/m/it/10 ^^R[]\OT1/cmr/m/n/
10 )[])) + (\OML/cmm/m/it/10 r[] \OT1/cmr/m/n/10 + \OML/cmm/m/it/10 r[] \OT1/cm
r/m/n/10 + \OML/cmm/m/it/10 r[] \OMS/cmsy/m/n/10 ^^@ \OML/cmm/m/it/10 r[] \OMS/
cmsy/m/n/10 ^^@ \OT1/cmr/m/n/10 2\OML/cmm/m/it/10 r[]r[] []\OT1/cmr/m/n/10 (\OM
L/cmm/m/it/10 ^^R[]\OT1/cmr/m/n/10 ) + 2\OML/cmm/m/it/10 r[]r[] []\OT1/cmr/m/n/
10 ((\OML/cmm/m/it/10 ^^R[]\OT1/cmr/m/n/10 )[]) \OMS/cmsy/m/n/10 ^^@ \OT1/cmr/m
/n/10 2\OML/cmm/m/it/10 r[]r[] []\OT1/cmr/m/n/10 (\OML/cmm/m/it/10 ^^R[]\OT1/cm
r/m/n/10 ) []((\OML/cmm/m/it/10 ^^R[]\OT1/cmr/m/n/10 )[]) [](\OML/cmm/m/it/10 ^
^R[]\OT1/cmr/m/n/10 ) []((\OML/cmm/m/it/10 ^^R[]\OT1/cmr/m/n/10 )[]))[] \OMS/cm
sy/m/n/10 ^^@ \OT1/cmr/m/n/10 2)(\OML/cmm/m/it/10 ^^[\OT1/cmr/m/n/10 ((\OMS/cms
y/m/n/10 ^^@\OT1/cmr/m/n/10 2\OML/cmm/m/it/10 r[]r[] []\OT1/cmr/m/n/10 ((\OML/c
mm/m/it/10 ^^R[]\OT1/cmr/m/n/10 )[]) + 2\OML/cmm/m/it/10 r[]r[] []\OT1/cmr/m/n/
10 (\OML/cmm/m/it/10 ^^R[]\OT1/cmr/m/n/10 ))[] + (\OMS/cmsy/m/n/10 ^^@\OT1/cmr/
m/n/10 2\OML/cmm/m/it/10 r[]r[] []\OT1/cmr/m/n/10 ((\OML/cmm/m/it/10 ^^R[]\OT1/
cmr/m/n/10 )[]) + 2\OML/cmm/m/it/10 r[]r[] []\OT1/cmr/m/n/10 (\OML/cmm/m/it/10 
^^R[]\OT1/cmr/m/n/10 ))[] \OMS/cmsy/m/n/10 ^^@ \OT1/cmr/m/n/10 (\OML/cmm/m/it/1
0 r[] \OT1/cmr/m/n/10 + \OML/cmm/m/it/10 r[] \OT1/cmr/m/n/10 + \OML/cmm/m/it/10
 r[] \OMS/cmsy/m/n/10 ^^@ \OML/cmm/m/it/10 r[] \OMS/cmsy/m/n/10 ^^@ \OT1/cmr/m/
n/10 2\OML/cmm/m/it/10 r[]r[] []\OT1/cmr/m/n/10 (\OML/cmm/m/it/10 ^^R[]\OT1/cmr
/m/n/10 ) []((\OML/cmm/m/it/10 ^^R[]\OT1/cmr/m/n/10 )[]) [](\OML/cmm/m/it/10 ^^
R[]\OT1/cmr/m/n/10 ) []((\OML/cmm/m/it/10 ^^R[]\OT1/cmr/m/n/10 )[]))[])[]\OML/c
mm/m/it/10 :\OT1/cmr/m/n/10 5 \OMS/cmsy/m/n/10 ^^@ \OT1/cmr/m/n/10 2\OML/cmm/m/
it/10 r[]r[] []\OT1/cmr/m/n/10 (\OML/cmm/m/it/10 ^^R[]\OT1/cmr/m/n/10 ) + 2\OML
/cmm/m/it/10 r[]r[] []\OT1/cmr/m/n/10 ((\OML/cmm/m/it/10 ^^R[]\OT1/cmr/m/n/10 )
[]))(2\OML/cmm/m/it/10 r[]r[] []\OT1/cmr/m/n/10 ((\OML/cmm/m/it/10 ^^R[]\OT1/cm
r/m/n/10 )[]) \OMS/cmsy/m/n/10 ^^@ \OT1/cmr/m/n/10 2\OML/cmm/m/it/10 r[]r[] []\
OT1/cmr/m/n/10 ((\OML/cmm/m/it/10 ^^R[]\OT1/cmr/m/n/10 )[])[] [](\OML/cmm/m/it/
10 ^^R[]\OT1/cmr/m/n/10 ) [](\OML/cmm/m/it/10 ^^R[]\OT1/cmr/m/n/10 ) + 2\OML/cm
m/m/it/10 r[]r[] []\OT1/cmr/m/n/10 ((\OML/cmm/m/it/10 ^^R[]\OT1/cmr/m/n/10 )[])
[] [](\OML/cmm/m/it/10 ^^R[]\OT1/cmr/m/n/10 ) [](\OML/cmm/m/it/10 ^^R[]\OT1/cmr
/m/n/10 ))) [](2\OML/cmm/m/it/10 atan\OT1/cmr/m/n/10 (1\OML/cmm/m/it/10 =\OT1/c
mr/m/n/10 (\OML/cmm/m/it/10 r[] \OT1/cmr/m/n/10 + \OML/cmm/m/it/10 r[] \OT1/cmr
/m/n/10 + \OML/cmm/m/it/10 r[] \OMS/cmsy/m/n/10 ^^@ \OML/cmm/m/it/10 r[] \OMS/c
msy/m/n/10 ^^@ \OT1/cmr/m/n/10 2\OML/cmm/m/it/10 r[]r[] []\OT1/cmr/m/n/10 (\OML
/cmm/m/it/10 ^^R[]\OT1/cmr/m/n/10 ) + 2\OML/cmm/m/it/10 r[]r[] []\OT1/cmr/m/n/1
0 ((\OML/cmm/m/it/10 ^^R[]\OT1/cmr/m/n/10 )[]) \OMS/cmsy/m/n/10 ^^@ \OT1/cmr/m/
n/10 2\OML/cmm/m/it/10 r[]r[] []\OT1/cmr/m/n/10 (\OML/cmm/m/it/10 ^^R[]\OT1/cmr
/m/n/10 ) []((\OML/cmm/m/it/10 ^^R[]\OT1/cmr/m/n/10 )[]) [](\OML/cmm/m/it/10 ^^
R[]\OT1/cmr/m/n/10 ) []((\OML/cmm/m/it/10 ^^R[]\OT1/cmr/m/n/10 )[]))(\OML/cmm/m
/it/10 ^^[\OT1/cmr/m/n/10 ((\OMS/cmsy/m/n/10 ^^@\OT1/cmr/m/n/10 2\OML/cmm/m/it/
10 r[]r[] []\OT1/cmr/m/n/10 ((\OML/cmm/m/it/10 ^^R[]\OT1/cmr/m/n/10 )[]) + 2\OM
L/cmm/m/it/10 r[]r[] []\OT1/cmr/m/n/10 (\OML/cmm/m/it/10 ^^R[]\OT1/cmr/m/n/10 )
)[] + (\OMS/cmsy/m/n/10 ^^@\OT1/cmr/m/n/10 2\OML/cmm/m/it/10 r[]r[] []\OT1/cmr/
m/n/10 ((\OML/cmm/m/it/10 ^^R[]\OT1/cmr/m/n/10 )[]) + 2\OML/cmm/m/it/10 r[]r[] 
[]\OT1/cmr/m/n/10 (\OML/cmm/m/it/10 ^^R[]\OT1/cmr/m/n/10 ))[] \OMS/cmsy/m/n/10 
^^@ \OT1/cmr/m/n/10 (\OML/cmm/m/it/10 r[] \OT1/cmr/m/n/10 + \OML/cmm/m/it/10 r[
] \OT1/cmr/m/n/10 + \OML/cmm/m/it/10 r[] \OMS/cmsy/m/n/10 ^^@ \OML/cmm/m/it/10 
r[] \OMS/cmsy/m/n/10 ^^@ \OT1/cmr/m/n/10 2\OML/cmm/m/it/10 r[]r[] []\OT1/cmr/m/
n/10 (\OML/cmm/m/it/10 ^^R[]\OT1/cmr/m/n/10 ) []((\OML/cmm/m/it/10 ^^R[]\OT1/cm
r/m/n/10 )[]) [](\OML/cmm/m/it/10 ^^R[]\OT1/cmr/m/n/10 ) []((\OML/cmm/m/it/10 ^
^R[]\OT1/cmr/m/n/10 )[]))[])[]\OML/cmm/m/it/10 :\OT1/cmr/m/n/10 5 \OMS/cmsy/m/n
/10 ^^@ \OT1/cmr/m/n/10 2\OML/cmm/m/it/10 r[]r[] []\OT1/cmr/m/n/10 (\OML/cmm/m/
it/10 ^^R[]\OT1/cmr/m/n/10 ) + 2\OML/cmm/m/it/10 r[]r[] []\OT1/cmr/m/n/10 ((\OM
L/cmm/m/it/10 ^^R[]\OT1/cmr/m/n/10 )[]))))
 []

[1

{/var/lib/texmf/fonts/map/pdftex/updmap/pdftex.map}] (./gradients.aux) ) 
Here is how much of TeX's memory you used:
 1086 strings out of 94080
 11951 string characters out of 1165311
 219650 words of memory out of 1500000
 4419 multiletter control sequences out of 10000+50000
 5339 words of font info for 22 fonts, out of 1200000 for 2000
 645 hyphenation exceptions out of 8191
 27i,7n,24p,5344b,122s stack positions out of 5000i,500n,6000p,200000b,5000s
</usr/s
hare/texmf-texlive/fonts/type1/bluesky/cm/cmex10.pfb></usr/share/texmf-texlive/
fonts/type1/bluesky/cm/cmmi10.pfb></usr/share/texmf-texlive/fonts/type1/bluesky
/cm/cmmi7.pfb></usr/share/texmf-texlive/fonts/type1/bluesky/cm/cmr10.pfb></usr/
share/texmf-texlive/fonts/type1/bluesky/cm/cmr7.pfb></usr/share/texmf-texlive/f
onts/type1/bluesky/cm/cmsy10.pfb></usr/share/texmf-texlive/fonts/type1/bluesky/
cm/cmsy7.pfb>
Output written on gradients.pdf (1 page, 41442 bytes).
PDF statistics:
 34 PDF objects out of 1000 (max. 8388607)
 0 named destinations out of 1000 (max. 131072)
 1 words of extra memory for PDF output out of 10000 (max. 10000000)

